<?xml version="1.0" encoding="UTF-8"?>
<testng-results skipped="0" failed="0" ignored="0" total="1" passed="1">
  <reporter-output>
  </reporter-output>
  <suite name="Default suite" duration-ms="13195" started-at="2019-03-02T06:21:26Z" finished-at="2019-03-02T06:21:39Z">
    <groups>
    </groups>
    <test name="Default test" duration-ms="13195" started-at="2019-03-02T06:21:26Z" finished-at="2019-03-02T06:21:39Z">
      <class name="newpackage.Asserts">
        <test-method status="PASS" signature="f()[pri:0, instance:newpackage.Asserts@675d3402]" name="f" duration-ms="13151" started-at="2019-03-02T06:21:26Z" finished-at="2019-03-02T06:21:39Z">
          <reporter-output>
          </reporter-output>
        </test-method> <!-- f -->
      </class> <!-- newpackage.Asserts -->
    </test> <!-- Default test -->
  </suite> <!-- Default suite -->
</testng-results>
